<?xml version="1.0" encoding="UTF-8"?>
<testsuite xmlns:xsi="http://www.w3.org/2001/XMLSchema-instance" xsi:noNamespaceSchemaLocation="https://maven.apache.org/surefire/maven-surefire-plugin/xsd/surefire-test-report-3.0.xsd" version="3.0" name="ca.cmic.checks.SQLInjection2Test" time="0.106" tests="1" errors="0" skipped="0" failures="1">
  <properties>
    <property name="java.specification.version" value="17"/>
    <property name="sun.cpu.isalist" value="amd64"/>
    <property name="sun.jnu.encoding" value="Cp1252"/>
    <property name="java.class.path" value="C:\Users\shiva\Documents\CMiC\target\test-classes;C:\Users\shiva\Documents\CMiC\target\classes;C:\Users\shiva\.m2\repository\org\sonarsource\sonarqube\sonar-plugin-api\8.9.0.43852\sonar-plugin-api-8.9.0.43852.jar;C:\Users\shiva\.m2\repository\org\sonarsource\analyzer-commons\sonar-analyzer-commons\1.24.0.965\sonar-analyzer-commons-1.24.0.965.jar;C:\Users\shiva\.m2\repository\org\sonarsource\java\java-checks-testkit\6.15.1.26025\java-checks-testkit-6.15.1.26025.jar;C:\Users\shiva\.m2\repository\org\sonarsource\java\java-frontend\6.15.1.26025\java-frontend-6.15.1.26025.jar;C:\Users\shiva\.m2\repository\org\sonarsource\java\jdt\6.15.1.26025\jdt-6.15.1.26025-shaded.jar;C:\Users\shiva\.m2\repository\org\eclipse\jdt\org.eclipse.jdt.core\3.25.0\org.eclipse.jdt.core-3.25.0.jar;C:\Users\shiva\.m2\repository\org\eclipse\platform\org.eclipse.core.resources\3.18.200\org.eclipse.core.resources-3.18.200.jar;C:\Users\shiva\.m2\repository\org\eclipse\platform\org.eclipse.osgi\3.18.300\org.eclipse.osgi-3.18.300.jar;C:\Users\shiva\.m2\repository\org\eclipse\platform\org.eclipse.core.runtime\3.26.100\org.eclipse.core.runtime-3.26.100.jar;C:\Users\shiva\.m2\repository\org\eclipse\platform\org.eclipse.equinox.common\3.17.0\org.eclipse.equinox.common-3.17.0.jar;C:\Users\shiva\.m2\repository\org\eclipse\platform\org.eclipse.core.jobs\3.13.200\org.eclipse.core.jobs-3.13.200.jar;C:\Users\shiva\.m2\repository\org\eclipse\platform\org.eclipse.equinox.preferences\3.10.100\org.eclipse.equinox.preferences-3.10.100.jar;C:\Users\shiva\.m2\repository\org\osgi\org.osgi.service.prefs\1.1.2\org.osgi.service.prefs-1.1.2.jar;C:\Users\shiva\.m2\repository\org\osgi\osgi.annotation\8.0.1\osgi.annotation-8.0.1.jar;C:\Users\shiva\.m2\repository\org\eclipse\platform\org.eclipse.core.contenttype\3.8.200\org.eclipse.core.contenttype-3.8.200.jar;C:\Users\shiva\.m2\repository\org\eclipse\platform\org.eclipse.text\3.12.300\org.eclipse.text-3.12.300.jar;C:\Users\shiva\.m2\repository\org\eclipse\platform\org.eclipse.core.commands\3.10.300\org.eclipse.core.commands-3.10.300.jar;C:\Users\shiva\.m2\repository\org\sonarsource\sslr\sslr-core\1.24.0.633\sslr-core-1.24.0.633.jar;C:\Users\shiva\.m2\repository\org\apache\commons\commons-lang3\3.12.0\commons-lang3-3.12.0.jar;C:\Users\shiva\.m2\repository\org\sonarsource\analyzer-commons\sonar-regex-parsing\1.14.1.690\sonar-regex-parsing-1.14.1.690.jar;C:\Users\shiva\.m2\repository\com\google\code\gson\gson\2.8.6\gson-2.8.6.jar;C:\Users\shiva\.m2\repository\com\google\code\findbugs\jsr305\3.0.2\jsr305-3.0.2.jar;C:\Users\shiva\.m2\repository\org\junit\jupiter\junit-jupiter\5.7.0\junit-jupiter-5.7.0.jar;C:\Users\shiva\.m2\repository\org\junit\jupiter\junit-jupiter-api\5.7.0\junit-jupiter-api-5.7.0.jar;C:\Users\shiva\.m2\repository\org\opentest4j\opentest4j\1.2.0\opentest4j-1.2.0.jar;C:\Users\shiva\.m2\repository\org\junit\platform\junit-platform-commons\1.7.0\junit-platform-commons-1.7.0.jar;C:\Users\shiva\.m2\repository\org\junit\jupiter\junit-jupiter-params\5.7.0\junit-jupiter-params-5.7.0.jar;C:\Users\shiva\.m2\repository\org\junit\jupiter\junit-jupiter-engine\5.7.0\junit-jupiter-engine-5.7.0.jar;C:\Users\shiva\.m2\repository\org\junit\platform\junit-platform-engine\1.7.0\junit-platform-engine-1.7.0.jar;C:\Users\shiva\.m2\repository\org\junit\jupiter\junit-jupiter-migrationsupport\5.7.0\junit-jupiter-migrationsupport-5.7.0.jar;C:\Users\shiva\.m2\repository\junit\junit\4.13\junit-4.13.jar;C:\Users\shiva\.m2\repository\org\hamcrest\hamcrest-core\1.3\hamcrest-core-1.3.jar;C:\Users\shiva\.m2\repository\org\apiguardian\apiguardian-api\1.1.0\apiguardian-api-1.1.0.jar;C:\Users\shiva\.m2\repository\org\assertj\assertj-core\3.19.0\assertj-core-3.19.0.jar;C:\Users\shiva\.m2\repository\com\google\guava\guava\30.1-jre\guava-30.1-jre.jar;C:\Users\shiva\.m2\repository\com\google\guava\failureaccess\1.0.1\failureaccess-1.0.1.jar;C:\Users\shiva\.m2\repository\com\google\guava\listenablefuture\9999.0-empty-to-avoid-conflict-with-guava\listenablefuture-9999.0-empty-to-avoid-conflict-with-guava.jar;C:\Users\shiva\.m2\repository\org\checkerframework\checker-qual\3.5.0\checker-qual-3.5.0.jar;C:\Users\shiva\.m2\repository\com\google\errorprone\error_prone_annotations\2.3.4\error_prone_annotations-2.3.4.jar;C:\Users\shiva\.m2\repository\com\google\j2objc\j2objc-annotations\1.3\j2objc-annotations-1.3.jar;C:\Users\shiva\.m2\repository\org\testng\testng\7.3.0\testng-7.3.0.jar;C:\Users\shiva\.m2\repository\com\beust\jcommander\1.78\jcommander-1.78.jar;C:\Users\shiva\.m2\repository\org\apache\ant\ant\1.10.3\ant-1.10.3.jar;C:\Users\shiva\.m2\repository\org\apache\ant\ant-launcher\1.10.3\ant-launcher-1.10.3.jar;C:\Users\shiva\.m2\repository\com\google\inject\guice\4.2.2\guice-4.2.2-no_aop.jar;C:\Users\shiva\.m2\repository\javax\inject\javax.inject\1\javax.inject-1.jar;C:\Users\shiva\.m2\repository\aopalliance\aopalliance\1.0\aopalliance-1.0.jar;C:\Users\shiva\.m2\repository\org\yaml\snakeyaml\1.21\snakeyaml-1.21.jar;C:\Users\shiva\.m2\repository\org\mockito\mockito-core\3.12.4\mockito-core-3.12.4.jar;C:\Users\shiva\.m2\repository\net\bytebuddy\byte-buddy\1.11.13\byte-buddy-1.11.13.jar;C:\Users\shiva\.m2\repository\net\bytebuddy\byte-buddy-agent\1.11.13\byte-buddy-agent-1.11.13.jar;C:\Users\shiva\.m2\repository\org\objenesis\objenesis\3.2\objenesis-3.2.jar;C:\Users\shiva\.m2\repository\org\sonarsource\java\sonar-java-plugin\7.17.0.31219\sonar-java-plugin-7.17.0.31219.jar;C:\Users\shiva\.m2\repository\org\sonarsource\java\java-surefire\7.17.0.31219\java-surefire-7.17.0.31219.jar;C:\Users\shiva\.m2\repository\com\fasterxml\staxmate\staxmate\2.4.0\staxmate-2.4.0.jar;C:\Users\shiva\.m2\repository\org\codehaus\woodstox\stax2-api\4.2.1\stax2-api-4.2.1.jar;C:\Users\shiva\.m2\repository\org\sonarsource\java\java-symbolic-execution\7.17.0.31219\java-symbolic-execution-7.17.0.31219.jar;C:\Users\shiva\.m2\repository\org\sonarsource\java\java-checks\7.17.0.31219\java-checks-7.17.0.31219.jar;C:\Users\shiva\.m2\repository\org\sonarsource\analyzer-commons\sonar-analyzer-recognizers\2.1.0.1111\sonar-analyzer-recognizers-2.1.0.1111.jar;C:\Users\shiva\.m2\repository\org\sonarsource\java\external-reports\7.17.0.31219\external-reports-7.17.0.31219.jar;C:\Users\shiva\.m2\repository\org\sonarsource\java\java-jsp\7.17.0.31219\java-jsp-7.17.0.31219.jar;C:\Users\shiva\.m2\repository\org\apache\tomcat\embed\tomcat-embed-jasper\9.0.70\tomcat-embed-jasper-9.0.70.jar;C:\Users\shiva\.m2\repository\org\apache\tomcat\embed\tomcat-embed-core\9.0.70\tomcat-embed-core-9.0.70.jar;C:\Users\shiva\.m2\repository\org\apache\tomcat\tomcat-annotations-api\9.0.70\tomcat-annotations-api-9.0.70.jar;C:\Users\shiva\.m2\repository\org\apache\tomcat\embed\tomcat-embed-el\9.0.70\tomcat-embed-el-9.0.70.jar;C:\Users\shiva\.m2\repository\org\sonarsource\analyzer-commons\sonar-xml-parsing\2.1.0.1111\sonar-xml-parsing-2.1.0.1111.jar;C:\Users\shiva\.m2\repository\xerces\xercesImpl\2.12.2\xercesImpl-2.12.2.jar;C:\Users\shiva\.m2\repository\xml-apis\xml-apis\1.4.01\xml-apis-1.4.01.jar;C:\Users\shiva\.m2\repository\com\fasterxml\woodstox\woodstox-core\6.4.0\woodstox-core-6.4.0.jar;C:\Users\shiva\.m2\repository\org\sonarsource\analyzer-commons\sonar-performance-measure\2.1.0.1111\sonar-performance-measure-2.1.0.1111.jar;"/>
    <property name="java.vm.vendor" value="Oracle Corporation"/>
    <property name="sun.arch.data.model" value="64"/>
    <property name="user.variant" value=""/>
    <property name="java.vendor.url" value="https://java.oracle.com/"/>
    <property name="user.timezone" value="America/Toronto"/>
    <property name="os.name" value="Windows 11"/>
    <property name="java.vm.specification.version" value="17"/>
    <property name="sun.java.launcher" value="SUN_STANDARD"/>
    <property name="user.country" value="CA"/>
    <property name="sun.boot.library.path" value="C:\Program Files\Java\jdk-17.0.4.1\bin"/>
    <property name="sun.java.command" value="C:\Users\shiva\AppData\Local\Temp\surefire2043967468043989968\surefirebooter-20230408011541831_3.jar C:\Users\shiva\AppData\Local\Temp\surefire2043967468043989968 2023-04-08T01-15-41_734-jvmRun1 surefire-20230408011541831_1tmp surefire_0-20230408011541831_2tmp"/>
    <property name="jdk.debug" value="release"/>
    <property name="surefire.test.class.path" value="C:\Users\shiva\Documents\CMiC\target\test-classes;C:\Users\shiva\Documents\CMiC\target\classes;C:\Users\shiva\.m2\repository\org\sonarsource\sonarqube\sonar-plugin-api\8.9.0.43852\sonar-plugin-api-8.9.0.43852.jar;C:\Users\shiva\.m2\repository\org\sonarsource\analyzer-commons\sonar-analyzer-commons\1.24.0.965\sonar-analyzer-commons-1.24.0.965.jar;C:\Users\shiva\.m2\repository\org\sonarsource\java\java-checks-testkit\6.15.1.26025\java-checks-testkit-6.15.1.26025.jar;C:\Users\shiva\.m2\repository\org\sonarsource\java\java-frontend\6.15.1.26025\java-frontend-6.15.1.26025.jar;C:\Users\shiva\.m2\repository\org\sonarsource\java\jdt\6.15.1.26025\jdt-6.15.1.26025-shaded.jar;C:\Users\shiva\.m2\repository\org\eclipse\jdt\org.eclipse.jdt.core\3.25.0\org.eclipse.jdt.core-3.25.0.jar;C:\Users\shiva\.m2\repository\org\eclipse\platform\org.eclipse.core.resources\3.18.200\org.eclipse.core.resources-3.18.200.jar;C:\Users\shiva\.m2\repository\org\eclipse\platform\org.eclipse.osgi\3.18.300\org.eclipse.osgi-3.18.300.jar;C:\Users\shiva\.m2\repository\org\eclipse\platform\org.eclipse.core.runtime\3.26.100\org.eclipse.core.runtime-3.26.100.jar;C:\Users\shiva\.m2\repository\org\eclipse\platform\org.eclipse.equinox.common\3.17.0\org.eclipse.equinox.common-3.17.0.jar;C:\Users\shiva\.m2\repository\org\eclipse\platform\org.eclipse.core.jobs\3.13.200\org.eclipse.core.jobs-3.13.200.jar;C:\Users\shiva\.m2\repository\org\eclipse\platform\org.eclipse.equinox.preferences\3.10.100\org.eclipse.equinox.preferences-3.10.100.jar;C:\Users\shiva\.m2\repository\org\osgi\org.osgi.service.prefs\1.1.2\org.osgi.service.prefs-1.1.2.jar;C:\Users\shiva\.m2\repository\org\osgi\osgi.annotation\8.0.1\osgi.annotation-8.0.1.jar;C:\Users\shiva\.m2\repository\org\eclipse\platform\org.eclipse.core.contenttype\3.8.200\org.eclipse.core.contenttype-3.8.200.jar;C:\Users\shiva\.m2\repository\org\eclipse\platform\org.eclipse.text\3.12.300\org.eclipse.text-3.12.300.jar;C:\Users\shiva\.m2\repository\org\eclipse\platform\org.eclipse.core.commands\3.10.300\org.eclipse.core.commands-3.10.300.jar;C:\Users\shiva\.m2\repository\org\sonarsource\sslr\sslr-core\1.24.0.633\sslr-core-1.24.0.633.jar;C:\Users\shiva\.m2\repository\org\apache\commons\commons-lang3\3.12.0\commons-lang3-3.12.0.jar;C:\Users\shiva\.m2\repository\org\sonarsource\analyzer-commons\sonar-regex-parsing\1.14.1.690\sonar-regex-parsing-1.14.1.690.jar;C:\Users\shiva\.m2\repository\com\google\code\gson\gson\2.8.6\gson-2.8.6.jar;C:\Users\shiva\.m2\repository\com\google\code\findbugs\jsr305\3.0.2\jsr305-3.0.2.jar;C:\Users\shiva\.m2\repository\org\junit\jupiter\junit-jupiter\5.7.0\junit-jupiter-5.7.0.jar;C:\Users\shiva\.m2\repository\org\junit\jupiter\junit-jupiter-api\5.7.0\junit-jupiter-api-5.7.0.jar;C:\Users\shiva\.m2\repository\org\opentest4j\opentest4j\1.2.0\opentest4j-1.2.0.jar;C:\Users\shiva\.m2\repository\org\junit\platform\junit-platform-commons\1.7.0\junit-platform-commons-1.7.0.jar;C:\Users\shiva\.m2\repository\org\junit\jupiter\junit-jupiter-params\5.7.0\junit-jupiter-params-5.7.0.jar;C:\Users\shiva\.m2\repository\org\junit\jupiter\junit-jupiter-engine\5.7.0\junit-jupiter-engine-5.7.0.jar;C:\Users\shiva\.m2\repository\org\junit\platform\junit-platform-engine\1.7.0\junit-platform-engine-1.7.0.jar;C:\Users\shiva\.m2\repository\org\junit\jupiter\junit-jupiter-migrationsupport\5.7.0\junit-jupiter-migrationsupport-5.7.0.jar;C:\Users\shiva\.m2\repository\junit\junit\4.13\junit-4.13.jar;C:\Users\shiva\.m2\repository\org\hamcrest\hamcrest-core\1.3\hamcrest-core-1.3.jar;C:\Users\shiva\.m2\repository\org\apiguardian\apiguardian-api\1.1.0\apiguardian-api-1.1.0.jar;C:\Users\shiva\.m2\repository\org\assertj\assertj-core\3.19.0\assertj-core-3.19.0.jar;C:\Users\shiva\.m2\repository\com\google\guava\guava\30.1-jre\guava-30.1-jre.jar;C:\Users\shiva\.m2\repository\com\google\guava\failureaccess\1.0.1\failureaccess-1.0.1.jar;C:\Users\shiva\.m2\repository\com\google\guava\listenablefuture\9999.0-empty-to-avoid-conflict-with-guava\listenablefuture-9999.0-empty-to-avoid-conflict-with-guava.jar;C:\Users\shiva\.m2\repository\org\checkerframework\checker-qual\3.5.0\checker-qual-3.5.0.jar;C:\Users\shiva\.m2\repository\com\google\errorprone\error_prone_annotations\2.3.4\error_prone_annotations-2.3.4.jar;C:\Users\shiva\.m2\repository\com\google\j2objc\j2objc-annotations\1.3\j2objc-annotations-1.3.jar;C:\Users\shiva\.m2\repository\org\testng\testng\7.3.0\testng-7.3.0.jar;C:\Users\shiva\.m2\repository\com\beust\jcommander\1.78\jcommander-1.78.jar;C:\Users\shiva\.m2\repository\org\apache\ant\ant\1.10.3\ant-1.10.3.jar;C:\Users\shiva\.m2\repository\org\apache\ant\ant-launcher\1.10.3\ant-launcher-1.10.3.jar;C:\Users\shiva\.m2\repository\com\google\inject\guice\4.2.2\guice-4.2.2-no_aop.jar;C:\Users\shiva\.m2\repository\javax\inject\javax.inject\1\javax.inject-1.jar;C:\Users\shiva\.m2\repository\aopalliance\aopalliance\1.0\aopalliance-1.0.jar;C:\Users\shiva\.m2\repository\org\yaml\snakeyaml\1.21\snakeyaml-1.21.jar;C:\Users\shiva\.m2\repository\org\mockito\mockito-core\3.12.4\mockito-core-3.12.4.jar;C:\Users\shiva\.m2\repository\net\bytebuddy\byte-buddy\1.11.13\byte-buddy-1.11.13.jar;C:\Users\shiva\.m2\repository\net\bytebuddy\byte-buddy-agent\1.11.13\byte-buddy-agent-1.11.13.jar;C:\Users\shiva\.m2\repository\org\objenesis\objenesis\3.2\objenesis-3.2.jar;C:\Users\shiva\.m2\repository\org\sonarsource\java\sonar-java-plugin\7.17.0.31219\sonar-java-plugin-7.17.0.31219.jar;C:\Users\shiva\.m2\repository\org\sonarsource\java\java-surefire\7.17.0.31219\java-surefire-7.17.0.31219.jar;C:\Users\shiva\.m2\repository\com\fasterxml\staxmate\staxmate\2.4.0\staxmate-2.4.0.jar;C:\Users\shiva\.m2\repository\org\codehaus\woodstox\stax2-api\4.2.1\stax2-api-4.2.1.jar;C:\Users\shiva\.m2\repository\org\sonarsource\java\java-symbolic-execution\7.17.0.31219\java-symbolic-execution-7.17.0.31219.jar;C:\Users\shiva\.m2\repository\org\sonarsource\java\java-checks\7.17.0.31219\java-checks-7.17.0.31219.jar;C:\Users\shiva\.m2\repository\org\sonarsource\analyzer-commons\sonar-analyzer-recognizers\2.1.0.1111\sonar-analyzer-recognizers-2.1.0.1111.jar;C:\Users\shiva\.m2\repository\org\sonarsource\java\external-reports\7.17.0.31219\external-reports-7.17.0.31219.jar;C:\Users\shiva\.m2\repository\org\sonarsource\java\java-jsp\7.17.0.31219\java-jsp-7.17.0.31219.jar;C:\Users\shiva\.m2\repository\org\apache\tomcat\embed\tomcat-embed-jasper\9.0.70\tomcat-embed-jasper-9.0.70.jar;C:\Users\shiva\.m2\repository\org\apache\tomcat\embed\tomcat-embed-core\9.0.70\tomcat-embed-core-9.0.70.jar;C:\Users\shiva\.m2\repository\org\apache\tomcat\tomcat-annotations-api\9.0.70\tomcat-annotations-api-9.0.70.jar;C:\Users\shiva\.m2\repository\org\apache\tomcat\embed\tomcat-embed-el\9.0.70\tomcat-embed-el-9.0.70.jar;C:\Users\shiva\.m2\repository\org\sonarsource\analyzer-commons\sonar-xml-parsing\2.1.0.1111\sonar-xml-parsing-2.1.0.1111.jar;C:\Users\shiva\.m2\repository\xerces\xercesImpl\2.12.2\xercesImpl-2.12.2.jar;C:\Users\shiva\.m2\repository\xml-apis\xml-apis\1.4.01\xml-apis-1.4.01.jar;C:\Users\shiva\.m2\repository\com\fasterxml\woodstox\woodstox-core\6.4.0\woodstox-core-6.4.0.jar;C:\Users\shiva\.m2\repository\org\sonarsource\analyzer-commons\sonar-performance-measure\2.1.0.1111\sonar-performance-measure-2.1.0.1111.jar;"/>
    <property name="sun.cpu.endian" value="little"/>
    <property name="user.home" value="C:\Users\shiva"/>
    <property name="user.language" value="en"/>
    <property name="java.specification.vendor" value="Oracle Corporation"/>
    <property name="java.version.date" value="2022-08-18"/>
    <property name="java.home" value="C:\Program Files\Java\jdk-17.0.4.1"/>
    <property name="file.separator" value="\"/>
    <property name="basedir" value="C:\Users\shiva\Documents\CMiC"/>
    <property name="java.vm.compressedOopsMode" value="Zero based"/>
    <property name="line.separator" value="&#10;"/>
    <property name="java.vm.specification.vendor" value="Oracle Corporation"/>
    <property name="java.specification.name" value="Java Platform API Specification"/>
    <property name="surefire.real.class.path" value="C:\Users\shiva\AppData\Local\Temp\surefire2043967468043989968\surefirebooter-20230408011541831_3.jar"/>
    <property name="user.script" value=""/>
    <property name="sun.management.compiler" value="HotSpot 64-Bit Tiered Compilers"/>
    <property name="java.runtime.version" value="17.0.4.1+1-LTS-2"/>
    <property name="user.name" value="shiva"/>
    <property name="path.separator" value=";"/>
    <property name="os.version" value="10.0"/>
    <property name="java.runtime.name" value="Java(TM) SE Runtime Environment"/>
    <property name="file.encoding" value="Cp1252"/>
    <property name="java.vm.name" value="Java HotSpot(TM) 64-Bit Server VM"/>
    <property name="localRepository" value="C:\Users\shiva\.m2\repository"/>
    <property name="java.vendor.url.bug" value="https://bugreport.java.com/bugreport/"/>
    <property name="java.io.tmpdir" value="C:\Users\shiva\AppData\Local\Temp\"/>
    <property name="idea.version" value="2022.3.2"/>
    <property name="java.version" value="17.0.4.1"/>
    <property name="user.dir" value="C:\Users\shiva\Documents\CMiC"/>
    <property name="os.arch" value="amd64"/>
    <property name="java.vm.specification.name" value="Java Virtual Machine Specification"/>
    <property name="sun.os.patch.level" value=""/>
    <property name="native.encoding" value="Cp1252"/>
    <property name="java.library.path" value="C:\Program Files\Java\jdk-17.0.4.1\bin;C:\WINDOWS\Sun\Java\bin;C:\WINDOWS\system32;C:\WINDOWS;C:\WINDOWS\system32;C:\WINDOWS;C:\WINDOWS\System32\Wbem;C:\WINDOWS\System32\WindowsPowerShell\v1.0\;C:\WINDOWS\System32\OpenSSH\;C:\Program Files\apache-maven-3.8.6\bin;C:\Program Files\Git\cmd;C:\Program Files\Java\jdk-11.0.16.1\bin;C:\Program Files\NodeJs;C:\Users\shiva\AppData\Local\Microsoft\WindowsApps;C:\Users\shiva\Downloads\sonar-scanner-cli-4.7.0.2747\sonar-scanner\bin;C:\Users\shiva\Downloads\sonarqube-9.7.1.62043\sonarqube\bin;C:\Program Files\nodejs;C:\Program Files (x86)\Common Files\Oracle\Java\javapath;."/>
    <property name="java.vm.info" value="mixed mode, sharing"/>
    <property name="java.vendor" value="Oracle Corporation"/>
    <property name="java.vm.version" value="17.0.4.1+1-LTS-2"/>
    <property name="sun.io.unicode.encoding" value="UnicodeLittle"/>
    <property name="java.class.version" value="61.0"/>
  </properties>
  <testcase name="test" classname="ca.cmic.checks.SQLInjection2Test" time="0.098">
    <failure message="No issue raised. At least one issue expected" type="java.lang.AssertionError"><![CDATA[java.lang.AssertionError: No issue raised. At least one issue expected
	at org.sonar.java.checks.verifier.InternalCheckVerifier.assertMultipleIssues(InternalCheckVerifier.java:290)
	at org.sonar.java.checks.verifier.InternalCheckVerifier.checkIssues(InternalCheckVerifier.java:230)
	at org.sonar.java.checks.verifier.InternalCheckVerifier.verifyAll(InternalCheckVerifier.java:221)
	at org.sonar.java.checks.verifier.InternalCheckVerifier.verifyIssues(InternalCheckVerifier.java:166)
	at ca.cmic.checks.SQLInjection2Test.test(SQLInjection2Test.java:17)
	at java.base/jdk.internal.reflect.NativeMethodAccessorImpl.invoke0(Native Method)
	at java.base/jdk.internal.reflect.NativeMethodAccessorImpl.invoke(NativeMethodAccessorImpl.java:77)
	at java.base/jdk.internal.reflect.DelegatingMethodAccessorImpl.invoke(DelegatingMethodAccessorImpl.java:43)
	at java.base/java.lang.reflect.Method.invoke(Method.java:568)
	at org.junit.platform.commons.util.ReflectionUtils.invokeMethod(ReflectionUtils.java:688)
	at org.junit.jupiter.engine.execution.MethodInvocation.proceed(MethodInvocation.java:60)
	at org.junit.jupiter.engine.execution.InvocationInterceptorChain$ValidatingInvocation.proceed(InvocationInterceptorChain.java:131)
	at org.junit.jupiter.engine.extension.TimeoutExtension.intercept(TimeoutExtension.java:149)
	at org.junit.jupiter.engine.extension.TimeoutExtension.interceptTestableMethod(TimeoutExtension.java:140)
	at org.junit.jupiter.engine.extension.TimeoutExtension.interceptTestMethod(TimeoutExtension.java:84)
	at org.junit.jupiter.engine.execution.ExecutableInvoker$ReflectiveInterceptorCall.lambda$ofVoidMethod$0(ExecutableInvoker.java:115)
	at org.junit.jupiter.engine.execution.ExecutableInvoker.lambda$invoke$0(ExecutableInvoker.java:105)
	at org.junit.jupiter.engine.execution.InvocationInterceptorChain$InterceptedInvocation.proceed(InvocationInterceptorChain.java:106)
	at org.junit.jupiter.engine.execution.InvocationInterceptorChain.proceed(InvocationInterceptorChain.java:64)
	at org.junit.jupiter.engine.execution.InvocationInterceptorChain.chainAndInvoke(InvocationInterceptorChain.java:45)
	at org.junit.jupiter.engine.execution.InvocationInterceptorChain.invoke(InvocationInterceptorChain.java:37)
	at org.junit.jupiter.engine.execution.ExecutableInvoker.invoke(ExecutableInvoker.java:104)
	at org.junit.jupiter.engine.execution.ExecutableInvoker.invoke(ExecutableInvoker.java:98)
	at org.junit.jupiter.engine.descriptor.TestMethodTestDescriptor.lambda$invokeTestMethod$6(TestMethodTestDescriptor.java:210)
	at org.junit.platform.engine.support.hierarchical.ThrowableCollector.execute(ThrowableCollector.java:73)
	at org.junit.jupiter.engine.descriptor.TestMethodTestDescriptor.invokeTestMethod(TestMethodTestDescriptor.java:206)
	at org.junit.jupiter.engine.descriptor.TestMethodTestDescriptor.execute(TestMethodTestDescriptor.java:131)
	at org.junit.jupiter.engine.descriptor.TestMethodTestDescriptor.execute(TestMethodTestDescriptor.java:65)
	at org.junit.platform.engine.support.hierarchical.NodeTestTask.lambda$executeRecursively$5(NodeTestTask.java:139)
	at org.junit.platform.engine.support.hierarchical.ThrowableCollector.execute(ThrowableCollector.java:73)
	at org.junit.platform.engine.support.hierarchical.NodeTestTask.lambda$executeRecursively$7(NodeTestTask.java:129)
	at org.junit.platform.engine.support.hierarchical.Node.around(Node.java:137)
	at org.junit.platform.engine.support.hierarchical.NodeTestTask.lambda$executeRecursively$8(NodeTestTask.java:127)
	at org.junit.platform.engine.support.hierarchical.ThrowableCollector.execute(ThrowableCollector.java:73)
	at org.junit.platform.engine.support.hierarchical.NodeTestTask.executeRecursively(NodeTestTask.java:126)
	at org.junit.platform.engine.support.hierarchical.NodeTestTask.execute(NodeTestTask.java:84)
	at java.base/java.util.ArrayList.forEach(ArrayList.java:1511)
	at org.junit.platform.engine.support.hierarchical.SameThreadHierarchicalTestExecutorService.invokeAll(SameThreadHierarchicalTestExecutorService.java:38)
	at org.junit.platform.engine.support.hierarchical.NodeTestTask.lambda$executeRecursively$5(NodeTestTask.java:143)
	at org.junit.platform.engine.support.hierarchical.ThrowableCollector.execute(ThrowableCollector.java:73)
	at org.junit.platform.engine.support.hierarchical.NodeTestTask.lambda$executeRecursively$7(NodeTestTask.java:129)
	at org.junit.platform.engine.support.hierarchical.Node.around(Node.java:137)
	at org.junit.platform.engine.support.hierarchical.NodeTestTask.lambda$executeRecursively$8(NodeTestTask.java:127)
	at org.junit.platform.engine.support.hierarchical.ThrowableCollector.execute(ThrowableCollector.java:73)
	at org.junit.platform.engine.support.hierarchical.NodeTestTask.executeRecursively(NodeTestTask.java:126)
	at org.junit.platform.engine.support.hierarchical.NodeTestTask.execute(NodeTestTask.java:84)
	at java.base/java.util.ArrayList.forEach(ArrayList.java:1511)
	at org.junit.platform.engine.support.hierarchical.SameThreadHierarchicalTestExecutorService.invokeAll(SameThreadHierarchicalTestExecutorService.java:38)
	at org.junit.platform.engine.support.hierarchical.NodeTestTask.lambda$executeRecursively$5(NodeTestTask.java:143)
	at org.junit.platform.engine.support.hierarchical.ThrowableCollector.execute(ThrowableCollector.java:73)
	at org.junit.platform.engine.support.hierarchical.NodeTestTask.lambda$executeRecursively$7(NodeTestTask.java:129)
	at org.junit.platform.engine.support.hierarchical.Node.around(Node.java:137)
	at org.junit.platform.engine.support.hierarchical.NodeTestTask.lambda$executeRecursively$8(NodeTestTask.java:127)
	at org.junit.platform.engine.support.hierarchical.ThrowableCollector.execute(ThrowableCollector.java:73)
	at org.junit.platform.engine.support.hierarchical.NodeTestTask.executeRecursively(NodeTestTask.java:126)
	at org.junit.platform.engine.support.hierarchical.NodeTestTask.execute(NodeTestTask.java:84)
	at org.junit.platform.engine.support.hierarchical.SameThreadHierarchicalTestExecutorService.submit(SameThreadHierarchicalTestExecutorService.java:32)
	at org.junit.platform.engine.support.hierarchical.HierarchicalTestExecutor.execute(HierarchicalTestExecutor.java:57)
	at org.junit.platform.engine.support.hierarchical.HierarchicalTestEngine.execute(HierarchicalTestEngine.java:51)
	at org.junit.platform.launcher.core.EngineExecutionOrchestrator.execute(EngineExecutionOrchestrator.java:108)
	at org.junit.platform.launcher.core.EngineExecutionOrchestrator.execute(EngineExecutionOrchestrator.java:88)
	at org.junit.platform.launcher.core.EngineExecutionOrchestrator.lambda$execute$0(EngineExecutionOrchestrator.java:54)
	at org.junit.platform.launcher.core.EngineExecutionOrchestrator.withInterceptedStreams(EngineExecutionOrchestrator.java:67)
	at org.junit.platform.launcher.core.EngineExecutionOrchestrator.execute(EngineExecutionOrchestrator.java:52)
	at org.junit.platform.launcher.core.DefaultLauncher.execute(DefaultLauncher.java:96)
	at org.junit.platform.launcher.core.DefaultLauncher.execute(DefaultLauncher.java:75)
	at org.apache.maven.surefire.junitplatform.LazyLauncher.execute(LazyLauncher.java:50)
	at org.apache.maven.surefire.junitplatform.JUnitPlatformProvider.execute(JUnitPlatformProvider.java:184)
	at org.apache.maven.surefire.junitplatform.JUnitPlatformProvider.invokeAllTests(JUnitPlatformProvider.java:148)
	at org.apache.maven.surefire.junitplatform.JUnitPlatformProvider.invoke(JUnitPlatformProvider.java:122)
	at org.apache.maven.surefire.booter.ForkedBooter.runSuitesInProcess(ForkedBooter.java:385)
	at org.apache.maven.surefire.booter.ForkedBooter.execute(ForkedBooter.java:162)
	at org.apache.maven.surefire.booter.ForkedBooter.run(ForkedBooter.java:507)
	at org.apache.maven.surefire.booter.ForkedBooter.main(ForkedBooter.java:495)
]]></failure>
    <system-out><![CDATA[INFO  1 source file to be analyzed
INFO  1/1 source file has been analyzed
WARN  Unresolved imports/types have been detected during analysis. Enable DEBUG mode to see them.
]]></system-out>
  </testcase>
</testsuite>